{"name": "Работа корзины", "status": "broken", "statusDetails": {"message": "selenium.common.exceptions.NoSuchElementException: Message: no such element: Unable to locate element: {\"method\":\"css selector\",\"selector\":\"[id=\"checkout\"]\"}\n  (Session info: chrome=129.0.6668.101); For documentation on this error, please visit: https://www.selenium.dev/documentation/webdriver/troubleshooting/errors#no-such-element-exception\nStacktrace:\n0   chromedriver                        0x000000010b0a6d08 chromedriver + 4996360\n1   chromedriver                        0x000000010b09e5ca chromedriver + 4961738\n2   chromedriver                        0x000000010ac41d10 chromedriver + 388368\n3   chromedriver                        0x000000010ac8e30f chromedriver + 701199\n4   chromedriver                        0x000000010ac8e3f1 chromedriver + 701425\n5   chromedriver                        0x000000010acd3464 chromedriver + 984164\n6   chromedriver                        0x000000010acb29dd chromedriver + 850397\n7   chromedriver                        0x000000010acd0a00 chromedriver + 973312\n8   chromedriver                        0x000000010acb2753 chromedriver + 849747\n9   chromedriver                        0x000000010ac81635 chromedriver + 648757\n10  chromedriver                        0x000000010ac81e5e chromedriver + 650846\n11  chromedriver                        0x000000010b06cff0 chromedriver + 4759536\n12  chromedriver                        0x000000010b071f08 chromedriver + 4779784\n13  chromedriver                        0x000000010b0725d5 chromedriver + 4781525\n14  chromedriver                        0x000000010b04fa99 chromedriver + 4639385\n15  chromedriver                        0x000000010b0728c9 chromedriver + 4782281\n16  chromedriver                        0x000000010b041034 chromedriver + 4579380\n17  chromedriver                        0x000000010b08e9f8 chromedriver + 4897272\n18  chromedriver                        0x000000010b08ebf3 chromedriver + 4897779\n19  chromedriver                        0x000000010b09e1ce chromedriver + 4960718\n20  libsystem_pthread.dylib             0x00007ff81bea31d3 _pthread_start + 125\n21  libsystem_pthread.dylib             0x00007ff81be9ebd3 thread_start + 15", "trace": "@allure.severity(\"blocker\")\n    @allure.title(\"Работа корзины\")\n    @allure.description(\"Товар отображается в корзине\")\n    @allure.feature(\"Корзина\")\n    def test_shop_basket():\n        basket_form = Basket_form(driver)\n>       basket_form.checkout()\n\ntest_shop.py:41: \n_ _ _ _ _ _ _ _ _ _ _ _ _ _ _ _ _ _ _ _ _ _ _ _ _ _ _ _ _ _ _ _ _ _ _ _ _ _ _ _ _ _ _ _ _ _ _ _ _ _ _ _ _ _ _ _ _ _ _ _ _ _ _ \npages/metod_shop.py:66: in checkout\n    self.driver.find_element(By.ID, \"checkout\").click()\n../.venv/lib/python3.12/site-packages/selenium/webdriver/remote/webdriver.py:741: in find_element\n    return self.execute(Command.FIND_ELEMENT, {\"using\": by, \"value\": value})[\"value\"]\n../.venv/lib/python3.12/site-packages/selenium/webdriver/remote/webdriver.py:347: in execute\n    self.error_handler.check_response(response)\n_ _ _ _ _ _ _ _ _ _ _ _ _ _ _ _ _ _ _ _ _ _ _ _ _ _ _ _ _ _ _ _ _ _ _ _ _ _ _ _ _ _ _ _ _ _ _ _ _ _ _ _ _ _ _ _ _ _ _ _ _ _ _ \n\nself = <selenium.webdriver.remote.errorhandler.ErrorHandler object at 0x10f183530>\nresponse = {'status': 404, 'value': '{\"value\":{\"error\":\"no such element\",\"message\":\"no such element: Unable to locate element: {\\...ff81bea31d3 _pthread_start + 125\\\\n21  libsystem_pthread.dylib             0x00007ff81be9ebd3 thread_start + 15\\\\n\"}}'}\n\n    def check_response(self, response: Dict[str, Any]) -> None:\n        \"\"\"Checks that a JSON response from the WebDriver does not have an\n        error.\n    \n        :Args:\n         - response - The JSON response from the WebDriver server as a dictionary\n           object.\n    \n        :Raises: If the response contains an error message.\n        \"\"\"\n        status = response.get(\"status\", None)\n        if not status or status == ErrorCode.SUCCESS:\n            return\n        value = None\n        message = response.get(\"message\", \"\")\n        screen: str = response.get(\"screen\", \"\")\n        stacktrace = None\n        if isinstance(status, int):\n            value_json = response.get(\"value\", None)\n            if value_json and isinstance(value_json, str):\n                import json\n    \n                try:\n                    value = json.loads(value_json)\n                    if len(value) == 1:\n                        value = value[\"value\"]\n                    status = value.get(\"error\", None)\n                    if not status:\n                        status = value.get(\"status\", ErrorCode.UNKNOWN_ERROR)\n                        message = value.get(\"value\") or value.get(\"message\")\n                        if not isinstance(message, str):\n                            value = message\n                            message = message.get(\"message\")\n                    else:\n                        message = value.get(\"message\", None)\n                except ValueError:\n                    pass\n    \n        exception_class: Type[WebDriverException]\n        e = ErrorCode()\n        error_codes = [item for item in dir(e) if not item.startswith(\"__\")]\n        for error_code in error_codes:\n            error_info = getattr(ErrorCode, error_code)\n            if isinstance(error_info, list) and status in error_info:\n                exception_class = getattr(ExceptionMapping, error_code, WebDriverException)\n                break\n        else:\n            exception_class = WebDriverException\n    \n        if not value:\n            value = response[\"value\"]\n        if isinstance(value, str):\n            raise exception_class(value)\n        if message == \"\" and \"message\" in value:\n            message = value[\"message\"]\n    \n        screen = None  # type: ignore[assignment]\n        if \"screen\" in value:\n            screen = value[\"screen\"]\n    \n        stacktrace = None\n        st_value = value.get(\"stackTrace\") or value.get(\"stacktrace\")\n        if st_value:\n            if isinstance(st_value, str):\n                stacktrace = st_value.split(\"\\n\")\n            else:\n                stacktrace = []\n                try:\n                    for frame in st_value:\n                        line = frame.get(\"lineNumber\", \"\")\n                        file = frame.get(\"fileName\", \"<anonymous>\")\n                        if line:\n                            file = f\"{file}:{line}\"\n                        meth = frame.get(\"methodName\", \"<anonymous>\")\n                        if \"className\" in frame:\n                            meth = f\"{frame['className']}.{meth}\"\n                        msg = \"    at %s (%s)\"\n                        msg = msg % (meth, file)\n                        stacktrace.append(msg)\n                except TypeError:\n                    pass\n        if exception_class == UnexpectedAlertPresentException:\n            alert_text = None\n            if \"data\" in value:\n                alert_text = value[\"data\"].get(\"text\")\n            elif \"alert\" in value:\n                alert_text = value[\"alert\"].get(\"text\")\n            raise exception_class(message, screen, stacktrace, alert_text)  # type: ignore[call-arg]  # mypy is not smart enough here\n>       raise exception_class(message, screen, stacktrace)\nE       selenium.common.exceptions.NoSuchElementException: Message: no such element: Unable to locate element: {\"method\":\"css selector\",\"selector\":\"[id=\"checkout\"]\"}\nE         (Session info: chrome=129.0.6668.101); For documentation on this error, please visit: https://www.selenium.dev/documentation/webdriver/troubleshooting/errors#no-such-element-exception\nE       Stacktrace:\nE       0   chromedriver                        0x000000010b0a6d08 chromedriver + 4996360\nE       1   chromedriver                        0x000000010b09e5ca chromedriver + 4961738\nE       2   chromedriver                        0x000000010ac41d10 chromedriver + 388368\nE       3   chromedriver                        0x000000010ac8e30f chromedriver + 701199\nE       4   chromedriver                        0x000000010ac8e3f1 chromedriver + 701425\nE       5   chromedriver                        0x000000010acd3464 chromedriver + 984164\nE       6   chromedriver                        0x000000010acb29dd chromedriver + 850397\nE       7   chromedriver                        0x000000010acd0a00 chromedriver + 973312\nE       8   chromedriver                        0x000000010acb2753 chromedriver + 849747\nE       9   chromedriver                        0x000000010ac81635 chromedriver + 648757\nE       10  chromedriver                        0x000000010ac81e5e chromedriver + 650846\nE       11  chromedriver                        0x000000010b06cff0 chromedriver + 4759536\nE       12  chromedriver                        0x000000010b071f08 chromedriver + 4779784\nE       13  chromedriver                        0x000000010b0725d5 chromedriver + 4781525\nE       14  chromedriver                        0x000000010b04fa99 chromedriver + 4639385\nE       15  chromedriver                        0x000000010b0728c9 chromedriver + 4782281\nE       16  chromedriver                        0x000000010b041034 chromedriver + 4579380\nE       17  chromedriver                        0x000000010b08e9f8 chromedriver + 4897272\nE       18  chromedriver                        0x000000010b08ebf3 chromedriver + 4897779\nE       19  chromedriver                        0x000000010b09e1ce chromedriver + 4960718\nE       20  libsystem_pthread.dylib             0x00007ff81bea31d3 _pthread_start + 125\nE       21  libsystem_pthread.dylib             0x00007ff81be9ebd3 thread_start + 15\n\n../.venv/lib/python3.12/site-packages/selenium/webdriver/remote/errorhandler.py:229: NoSuchElementException"}, "description": "Товар отображается в корзине", "start": 1729259370813, "stop": 1729259390848, "uuid": "e10c9913-9aa8-44ed-a0d7-ca5f21d2aced", "historyId": "ab99a57e2cdf02f16c83a186a8ffbcb3", "testCaseId": "ab99a57e2cdf02f16c83a186a8ffbcb3", "fullName": "test_shop#test_shop_basket", "labels": [{"name": "feature", "value": "Корзина"}, {"name": "severity", "value": "blocker"}, {"name": "suite", "value": "test_shop"}, {"name": "host", "value": "iMac-Admin.local"}, {"name": "thread", "value": "33254-MainThread"}, {"name": "framework", "value": "pytest"}, {"name": "language", "value": "cpython3"}, {"name": "package", "value": "test_shop"}]}